0 info it worked if it ends with ok
1 verbose cli [ 'E:\\node.exe',
1 verbose cli   'E:\\node_modules\\npm\\bin\\npm-cli.js',
1 verbose cli   'install',
1 verbose cli   '--save',
1 verbose cli   'weui' ]
2 info using npm@2.15.9
3 info using node@v4.5.0
4 verbose install initial load of F:\中外运\test\lib\package.json
5 verbose installManyTop reading scoped package data from F:\中外运\test\lib\node_modules\weui\package.json
6 verbose readDependencies loading dependencies from F:\中外运\test\lib\package.json
7 verbose install weui is installed as 1.1.2
8 silly cache add args [ 'weui', null ]
9 verbose cache add spec weui
10 silly cache add parsed spec Result {
10 silly cache add   raw: 'weui',
10 silly cache add   scope: null,
10 silly cache add   name: null,
10 silly cache add   rawSpec: 'weui',
10 silly cache add   spec: 'F:\\中外运\\test\\lib\\weui',
10 silly cache add   type: 'directory' }
11 verbose addLocalDirectory C:\Users\john\AppData\Roaming\npm-cache\weui\1.1.2\package.tgz not in flight; packing
12 verbose correctMkdir C:\Users\john\AppData\Roaming\npm-cache correctMkdir not in flight; initializing
13 verbose tar pack [ 'C:\\Users\\john\\AppData\\Roaming\\npm-cache\\weui\\1.1.2\\package.tgz',
13 verbose tar pack   'F:\\中外运\\test\\lib\\weui' ]
14 verbose tarball C:\Users\john\AppData\Roaming\npm-cache\weui\1.1.2\package.tgz
15 verbose folder F:\中外运\test\lib\weui
16 info prepublish weui@1.1.2
17 verbose addLocalTarball adding from inside cache C:\Users\john\AppData\Roaming\npm-cache\weui\1.1.2\package.tgz
18 verbose correctMkdir C:\Users\john\AppData\Roaming\npm-cache correctMkdir not in flight; initializing
19 silly cache afterAdd weui@1.1.2
20 verbose afterAdd C:\Users\john\AppData\Roaming\npm-cache\weui\1.1.2\package\package.json not in flight; writing
21 verbose correctMkdir C:\Users\john\AppData\Roaming\npm-cache correctMkdir not in flight; initializing
22 verbose afterAdd C:\Users\john\AppData\Roaming\npm-cache\weui\1.1.2\package\package.json written
23 silly install resolved [ { name: 'weui',
23 silly install resolved     version: '1.1.2',
23 silly install resolved     description: 'A UI library by WeChat official design team, includes the most useful widgets/modules in mobile web applications.',
23 silly install resolved     keywords: [ 'weui', 'wechat', 'weixin', 'css', 'less', 'mobile' ],
23 silly install resolved     style: 'dist/style/weui.css',
23 silly install resolved     less: 'src/style/weui.less',
23 silly install resolved     main: 'dist/style/weui.css',
23 silly install resolved     scripts: { start: 'gulp -ws', test: 'gulp release' },
23 silly install resolved     author: { name: 'wechat ui team' },
23 silly install resolved     repository: { type: 'git', url: 'git+https://github.com/weui/weui.git' },
23 silly install resolved     homepage: 'https://github.com/weui/weui',
23 silly install resolved     bugs: { url: 'https://github.com/weui/weui/issues' },
23 silly install resolved     license: 'MIT',
23 silly install resolved     devDependencies:
23 silly install resolved      { autoprefixer: '^6.3.1',
23 silly install resolved        'browser-sync': '^2.9.11',
23 silly install resolved        gulp: '^3.8.10',
23 silly install resolved        'gulp-cssnano': '^2.0.0',
23 silly install resolved        'gulp-header': '^1.7.1',
23 silly install resolved        'gulp-less': '^3.0.2',
23 silly install resolved        'gulp-postcss': '^6.0.1',
23 silly install resolved        'gulp-rename': '^1.2.2',
23 silly install resolved        'gulp-replace': '^0.5.2',
23 silly install resolved        'gulp-sourcemaps': '^2.2.0',
23 silly install resolved        'gulp-tap': '^0.1.3',
23 silly install resolved        yargs: '^1.3.3' },
23 silly install resolved     readme: 'WeUI - tailor-made for WeChat web service\r\n====\r\n\r\n[![Build Status](https://travis-ci.org/weui/weui.svg?branch=master)](https://travis-ci.org/weui/weui)\r\n[![npm version](https://img.shields.io/npm/v/weui.svg)](https://www.npmjs.org/package/weui)\r\n[![Gitter](https://badges.gitter.im/weui/weui.svg)](https://gitter.im/weui/weui?utm_source=badge&utm_medium=badge&utm_campaign=pr-badge)\r\n\r\n[中文版本](README_cn.md)\r\n\r\n## Introduction\r\n\r\nWeUI is an WeChat-like UI framework officially designed by the WeChat Design Team, tailor-made for WeChat Web development, in order to improve and standardize the experience for WeChat users. Including components such as `button`、`cell`、`dialog`、 `progress`、 `toast`、`article`、`actionsheet`、`icon`.\r\n\r\n## Mobile demo\r\n\r\n![https://weui.io](https://cloud.githubusercontent.com/assets/4652816/15662614/178efd46-2725-11e6-8952-09d7836e968d.png)\r\n\r\n[https://weui.io](https://weui.io)\r\n\r\nLegacy version: [https://weui.io/0.4.x](https://weui.io/0.4.x)\r\n\r\n## Documentations\r\n\r\n- WeUI documentation [Wiki](https://github.com/weui/weui/wiki)\r\n- WeUI design reference [weui-design](https://github.com/weui/weui-design)\r\n\r\n## Development\r\n\r\n- [WeUI for 小程序 (weui-wxss)](https://github.com/weui/weui-wxss/)\r\n- [weui.js](https://github.com/weui/weui.js/)\r\n- [react-weui](https://github.com/weui/react-weui/)\r\n\r\n## License\r\n\r\nThe MIT License(http://opensource.org/licenses/MIT)\r\n\r\nPlease feel free to use and contribute to the development.\r\n\r\n## Contribution\r\n\r\nIf you have any ideas or suggestions to improve Wechat WeUI, welcome to submit an issue/pull request.\r\n',
23 silly install resolved     readmeFilename: 'README.md',
23 silly install resolved     gitHead: '679021abe5af1dd55d483290ca9ec55e51487ccb',
23 silly install resolved     _id: 'weui@1.1.2',
23 silly install resolved     _shasum: '877ccf6c2a750c1d693d060948366da58f85cee3',
23 silly install resolved     _from: 'weui',
23 silly install resolved     _resolved: 'file:weui' } ]
24 info install weui@1.1.2 into F:\中外运\test\lib
25 info installOne weui@1.1.2
26 verbose installOne of weui to F:\中外运\test\lib not in flight; installing
27 verbose correctMkdir C:\Users\john\AppData\Roaming\npm-cache\_locks correctMkdir not in flight; initializing
28 verbose lock using C:\Users\john\AppData\Roaming\npm-cache\_locks\weui-5743552be04fd28f.lock for F:\中外运\test\lib\node_modules\weui
29 silly install write writing weui 1.1.2 to F:\中外运\test\lib\node_modules\weui
30 verbose unbuild node_modules\weui
31 info preuninstall weui@1.1.2
32 info uninstall weui@1.1.2
33 verbose unbuild rmStuff weui@1.1.2 from F:\中外运\test\lib\node_modules
34 info postuninstall weui@1.1.2
35 silly gentlyRm F:\中外运\test\lib\node_modules\weui is being purged from base F:\中外运\test\lib
36 verbose gentlyRm don't care about contents; nuking F:\中外运\test\lib\node_modules\weui
37 silly vacuum-fs purging F:\中外运\test\lib\node_modules\weui
38 verbose unlock done using C:\Users\john\AppData\Roaming\npm-cache\_locks\weui-5743552be04fd28f.lock for F:\中外运\test\lib\node_modules\weui
39 verbose stack Error: EBUSY: resource busy or locked, rmdir 'F:\中外运\test\lib\node_modules\weui'
39 verbose stack     at Error (native)
40 verbose cwd F:\中外运\test\lib
41 error Windows_NT 6.3.9600
42 error argv "E:\\node.exe" "E:\\node_modules\\npm\\bin\\npm-cli.js" "install" "--save" "weui"
43 error node v4.5.0
44 error npm  v2.15.9
45 error path F:\中外运\test\lib\node_modules\weui
46 error code EBUSY
47 error errno -4082
48 error syscall rmdir
49 error EBUSY: resource busy or locked, rmdir 'F:\中外运\test\lib\node_modules\weui'
50 error If you need help, you may report this error at:
50 error     <https://github.com/npm/npm/issues>
51 verbose exit [ -4082, true ]
52 verbose unbuild node_modules\weui
53 info preuninstall weui@1.1.2
54 info uninstall weui@1.1.2
55 verbose unbuild rmStuff weui@1.1.2 from F:\中外运\test\lib\node_modules
56 info postuninstall weui@1.1.2
57 silly gentlyRm F:\中外运\test\lib\node_modules\weui is being purged from base F:\中外运\test\lib
58 verbose gentlyRm don't care about contents; nuking F:\中外运\test\lib\node_modules\weui
59 silly vacuum-fs purging F:\中外运\test\lib\node_modules\weui
60 error error rolling back Error: EBUSY: resource busy or locked, rmdir 'F:\中外运\test\lib\node_modules\weui'
60 error error rolling back     at Error (native)
60 error error rolling back  { [Error: EBUSY: resource busy or locked, rmdir 'F:\中外运\test\lib\node_modules\weui']
60 error error rolling back   errno: -4082,
60 error error rolling back   code: 'EBUSY',
60 error error rolling back   syscall: 'rmdir',
60 error error rolling back   path: 'F:\\中外运\\test\\lib\\node_modules\\weui' }
